Base path: /Applications/Unity/Unity.app/Contents
Cmd: initializeCompiler
Cmd: compileComputeKernel
  api=14 insize=1957 outsize=1993 ok=1
Cmd: compileComputeKernel
  api=14 insize=10881 outsize=10529 ok=1
Cmd: compileComputeKernel
  api=14 insize=4855 outsize=5525 ok=1
Cmd: compileComputeKernel
  api=14 insize=18299 outsize=9493 ok=1
Cmd: compileComputeKernel
  api=14 insize=18299 outsize=11441 ok=1
Cmd: translateComputeKernel
  api=14 insize=11273 outsize=24549 ok=1
Cmd: compileComputeKernel
  api=14 insize=1806 outsize=1997 ok=1
Cmd: translateComputeKernel
  api=14 insize=1997 outsize=3609 ok=1
Cmd: compileComputeKernel
  api=14 insize=2044 outsize=1465 ok=1
Cmd: initializeCompiler
Cmd: initializeCompiler
Cmd: initializeCompiler
Cmd: initializeCompiler
Unhandled exception: Protocol error - unexpected end of data (did the Editor crash?)

Quitting shader compiler process
