Base path: /Applications/Unity/Unity.app/Contents
Cmd: initializeCompiler
Cmd: translateComputeKernel
  api=14 insize=2125 outsize=3945 ok=1
Cmd: translateComputeKernel
  api=14 insize=1333 outsize=1421 ok=1
Cmd: translateComputeKernel
  api=14 insize=48817 outsize=85865 ok=1
Cmd: compileComputeKernel
  api=14 insize=3396 outsize=3193 ok=1
Cmd: compileComputeKernel
  api=14 insize=18299 outsize=9897 ok=1
Cmd: translateComputeKernel
  api=14 insize=9365 outsize=16125 ok=1
Cmd: translateComputeKernel
  api=14 insize=11441 outsize=24837 ok=1
Cmd: compileComputeKernel
  api=14 insize=1454 outsize=2073 ok=1
Cmd: translateComputeKernel
  api=14 insize=2073 outsize=3413 ok=1
Cmd: translateComputeKernel
  api=14 insize=1465 outsize=2237 ok=1
Cmd: initializeCompiler
Cmd: initializeCompiler
Cmd: initializeCompiler
Cmd: initializeCompiler
Unhandled exception: Protocol error - unexpected end of data (did the Editor crash?)

Quitting shader compiler process
