Base path: /Applications/Unity/Unity.app/Contents
Cmd: initializeCompiler
Cmd: compileComputeKernel
  api=14 insize=1957 outsize=1121 ok=1
Cmd: compileComputeKernel
  api=14 insize=2059 outsize=781 ok=1
Cmd: compileComputeKernel
  api=14 insize=10881 outsize=11273 ok=1
Cmd: translateComputeKernel
  api=14 insize=10529 outsize=18389 ok=1
Cmd: translateComputeKernel
  api=14 insize=10809 outsize=17713 ok=1
Cmd: translateComputeKernel
  api=14 insize=3293 outsize=5969 ok=1
Cmd: compileComputeKernel
  api=14 insize=18299 outsize=9365 ok=1
Cmd: translateComputeKernel
  api=14 insize=9589 outsize=16369 ok=1
Cmd: compileComputeKernel
  api=14 insize=3072 outsize=785 ok=1
Cmd: initializeCompiler
Cmd: initializeCompiler
Cmd: initializeCompiler
Cmd: initializeCompiler
Unhandled exception: Protocol error - unexpected end of data (did the Editor crash?)

Quitting shader compiler process
