Base path: /Applications/Unity/Unity.app/Contents
Cmd: initializeCompiler
Cmd: compileComputeKernel
  api=14 insize=1176 outsize=1401 ok=1
Cmd: translateComputeKernel
  api=14 insize=1437 outsize=1545 ok=1
Cmd: translateComputeKernel
  api=14 insize=11273 outsize=22321 ok=1
Cmd: compileComputeKernel
  api=14 insize=18299 outsize=9673 ok=1
Cmd: compileComputeKernel
  api=14 insize=18299 outsize=11741 ok=1
Cmd: translateComputeKernel
  api=14 insize=9357 outsize=16117 ok=1
Cmd: translateComputeKernel
  api=14 insize=11741 outsize=25213 ok=1
Cmd: translateComputeKernel
  api=14 insize=845 outsize=777 ok=1
Cmd: translateComputeKernel
  api=14 insize=1177 outsize=1289 ok=1
Cmd: initializeCompiler
Cmd: initializeCompiler
Cmd: initializeCompiler
Cmd: initializeCompiler
Unhandled exception: Protocol error - unexpected end of data (did the Editor crash?)

Quitting shader compiler process
